2024-10-24 20:08:32 INFO  PageRegistrationUser: Переход по URL
2024-10-24 20:08:32 INFO  PageRegistrationUser: Ввод имени
2024-10-24 20:08:32 INFO  PageRegistrationUser: Ввод email
2024-10-24 20:08:32 INFO  PageRegistrationUser: Ввод пароля
2024-10-24 20:08:32 INFO  PageRegistrationUser: Ввод повторно пароля
2024-10-24 20:08:32 INFO  PageRegistrationUser: Ввод даты рождения в календарь - 1990-05-30
2024-10-24 20:08:32 INFO  PageRegistrationUser: Клик по выпадающему списку с уровнем языка
2024-10-24 20:08:32 INFO  PageRegistrationUser: Выбор уровня языка - средний
2024-10-24 20:08:32 INFO  PageRegistrationUser: Закрытие выпадающего списка с выбором уровня языка
2024-10-24 20:08:32 INFO  PageRegistrationUser: Клик по кнопке 'Зарегистрироваться'
2024-10-24 20:10:10 INFO  PageRegistrationUser: Переход по URL
2024-10-24 20:10:10 INFO  PageRegistrationUser: Ввод имени
2024-10-24 20:10:10 INFO  PageRegistrationUser: Ввод email
2024-10-24 20:10:10 INFO  PageRegistrationUser: Ввод пароля
2024-10-24 20:10:10 INFO  PageRegistrationUser: Ввод повторно пароля
2024-10-24 20:10:10 INFO  PageRegistrationUser: Ввод даты рождения в календарь - 1990-05-30
2024-10-24 20:10:10 INFO  PageRegistrationUser: Клик по выпадающему списку с уровнем языка
2024-10-24 20:10:10 INFO  PageRegistrationUser: Выбор уровня языка - средний
2024-10-24 20:10:11 INFO  PageRegistrationUser: Закрытие выпадающего списка с выбором уровня языка
2024-10-24 20:10:11 INFO  PageRegistrationUser: Клик по кнопке 'Зарегистрироваться'
2024-10-24 20:21:53 INFO  PageRegistrationUser: Переход по URL
2024-10-24 20:21:53 INFO  PageRegistrationUser: Ввод имени
2024-10-24 20:21:53 INFO  PageRegistrationUser: Ввод email
2024-10-24 20:21:53 INFO  PageRegistrationUser: Ввод пароля
2024-10-24 20:21:53 INFO  PageRegistrationUser: Ввод повторно пароля
2024-10-24 20:21:53 INFO  PageRegistrationUser: Ввод даты рождения в календарь - 1990-05-30
2024-10-24 20:21:53 INFO  PageRegistrationUser: Клик по выпадающему списку с уровнем языка
2024-10-24 20:21:53 INFO  PageRegistrationUser: Выбор уровня языка - средний
2024-10-24 20:21:53 INFO  PageRegistrationUser: Закрытие выпадающего списка с выбором уровня языка
2024-10-24 20:21:53 INFO  PageRegistrationUser: Клик по кнопке 'Зарегистрироваться'
2024-10-24 20:41:52 INFO  PageRegistrationUser: Переход по URL
2024-10-24 20:41:52 INFO  PageRegistrationUser: Ввод имени
2024-10-24 20:41:52 INFO  PageRegistrationUser: Ввод email
2024-10-24 20:41:52 INFO  PageRegistrationUser: Ввод пароля
2024-10-24 20:41:52 INFO  PageRegistrationUser: Ввод повторно пароля
2024-10-24 20:41:52 INFO  PageRegistrationUser: Ввод даты рождения в календарь - 1990-05-30
2024-10-24 20:41:52 INFO  PageRegistrationUser: Клик по выпадающему списку с уровнем языка
2024-10-24 20:41:52 INFO  PageRegistrationUser: Выбор уровня языка - средний
2024-10-24 20:41:52 INFO  PageRegistrationUser: Закрытие выпадающего списка с выбором уровня языка
2024-10-24 20:41:52 INFO  PageRegistrationUser: Клик по кнопке 'Зарегистрироваться'
2024-10-24 20:42:23 INFO  PageRegistrationUser: Переход по URL
2024-10-24 20:42:23 INFO  PageRegistrationUser: Ввод имени
2024-10-24 20:42:23 INFO  PageRegistrationUser: Ввод email
2024-10-24 20:42:23 INFO  PageRegistrationUser: Ввод пароля
2024-10-24 20:42:23 INFO  PageRegistrationUser: Ввод повторно пароля
2024-10-24 20:42:23 INFO  PageRegistrationUser: Ввод даты рождения в календарь - 1990-05-30
2024-10-24 20:42:23 INFO  PageRegistrationUser: Клик по выпадающему списку с уровнем языка
2024-10-24 20:42:23 INFO  PageRegistrationUser: Выбор уровня языка - средний
2024-10-24 20:42:23 INFO  PageRegistrationUser: Закрытие выпадающего списка с выбором уровня языка
2024-10-24 20:42:23 INFO  PageRegistrationUser: Клик по кнопке 'Зарегистрироваться'
2024-10-24 20:44:46 INFO  PageRegistrationUser: Переход по URL
2024-10-24 20:44:47 INFO  PageRegistrationUser: Ввод имени
2024-10-24 20:44:47 INFO  PageRegistrationUser: Ввод email
2024-10-24 20:44:47 INFO  PageRegistrationUser: Ввод пароля
2024-10-24 20:44:47 INFO  PageRegistrationUser: Ввод повторно пароля
2024-10-24 20:44:47 INFO  PageRegistrationUser: Ввод даты рождения в календарь - 1990-05-30
2024-10-24 20:44:47 INFO  PageRegistrationUser: Клик по выпадающему списку с уровнем языка
2024-10-24 20:44:47 INFO  PageRegistrationUser: Выбор уровня языка - средний
2024-10-24 20:44:47 INFO  PageRegistrationUser: Закрытие выпадающего списка с выбором уровня языка
2024-10-24 20:44:47 INFO  PageRegistrationUser: Клик по кнопке 'Зарегистрироваться'
2024-10-24 20:47:42 INFO  PageRegistrationUser: Переход по URL
2024-10-24 20:47:43 INFO  PageRegistrationUser: Ввод имени
2024-10-24 20:47:43 INFO  PageRegistrationUser: Ввод email
2024-10-24 20:47:43 INFO  PageRegistrationUser: Ввод пароля
2024-10-24 20:47:43 INFO  PageRegistrationUser: Ввод повторно пароля
2024-10-24 20:47:43 INFO  PageRegistrationUser: Ввод даты рождения в календарь - 1990-05-30
2024-10-24 20:47:43 INFO  PageRegistrationUser: Клик по выпадающему списку с уровнем языка
2024-10-24 20:47:43 INFO  PageRegistrationUser: Выбор уровня языка - средний
2024-10-24 20:47:44 INFO  PageRegistrationUser: Закрытие выпадающего списка с выбором уровня языка
2024-10-24 20:47:44 INFO  PageRegistrationUser: Клик по кнопке 'Зарегистрироваться'
2024-10-24 20:58:50 INFO  PageRegistrationUser: Переход по URL
2024-10-24 20:58:50 INFO  PageRegistrationUser: Ввод имени
2024-10-24 20:58:50 INFO  PageRegistrationUser: Ввод email
2024-10-24 20:58:50 INFO  PageRegistrationUser: Ввод пароля
2024-10-24 20:58:50 INFO  PageRegistrationUser: Ввод повторно пароля
2024-10-24 20:58:50 INFO  PageRegistrationUser: Ввод даты рождения в календарь - 1990-05-30
2024-10-24 20:58:50 INFO  PageRegistrationUser: Клик по выпадающему списку с уровнем языка
2024-10-24 20:58:50 INFO  PageRegistrationUser: Выбор уровня языка - средний
2024-10-24 20:58:51 INFO  PageRegistrationUser: Закрытие выпадающего списка с выбором уровня языка
2024-10-24 20:58:51 INFO  PageRegistrationUser: Клик по кнопке 'Зарегистрироваться'
2024-10-24 21:00:45 INFO  PageRegistrationUser: Переход по URL
2024-10-24 21:00:46 INFO  PageRegistrationUser: Ввод имени
2024-10-24 21:00:46 INFO  PageRegistrationUser: Ввод email
2024-10-24 21:00:46 INFO  PageRegistrationUser: Ввод пароля
2024-10-24 21:00:46 INFO  PageRegistrationUser: Ввод повторно пароля
2024-10-24 21:00:46 INFO  PageRegistrationUser: Ввод даты рождения в календарь - 1990-05-30
2024-10-24 21:00:46 INFO  PageRegistrationUser: Клик по выпадающему списку с уровнем языка
2024-10-24 21:00:46 INFO  PageRegistrationUser: Выбор уровня языка - средний
2024-10-24 21:00:46 INFO  PageRegistrationUser: Закрытие выпадающего списка с выбором уровня языка
2024-10-24 21:00:46 INFO  PageRegistrationUser: Клик по кнопке 'Зарегистрироваться'
2024-10-24 21:01:43 INFO  PageRegistrationUser: Переход по URL
2024-10-24 21:01:43 INFO  PageRegistrationUser: Ввод имени
2024-10-24 21:01:43 INFO  PageRegistrationUser: Ввод email
2024-10-24 21:01:43 INFO  PageRegistrationUser: Ввод пароля
2024-10-24 21:01:43 INFO  PageRegistrationUser: Ввод повторно пароля
2024-10-24 21:01:43 INFO  PageRegistrationUser: Ввод даты рождения в календарь - 1990-05-30
2024-10-24 21:01:43 INFO  PageRegistrationUser: Клик по выпадающему списку с уровнем языка
2024-10-24 21:01:43 INFO  PageRegistrationUser: Выбор уровня языка - средний
2024-10-24 21:01:43 INFO  PageRegistrationUser: Закрытие выпадающего списка с выбором уровня языка
2024-10-24 21:01:43 INFO  PageRegistrationUser: Клик по кнопке 'Зарегистрироваться'
2024-10-24 21:24:38 INFO  PageRegistrationUser: Переход по URL
2024-10-24 21:24:39 INFO  PageRegistrationUser: Ввод имени
2024-10-24 21:24:39 INFO  PageRegistrationUser: Ввод email
2024-10-24 21:24:39 INFO  PageRegistrationUser: Ввод пароля
2024-10-24 21:24:39 INFO  PageRegistrationUser: Ввод повторно пароля
2024-10-24 21:24:39 INFO  PageRegistrationUser: Ввод даты рождения в календарь - 1990-05-30
2024-10-24 21:24:39 INFO  PageRegistrationUser: Клик по выпадающему списку с уровнем языка
2024-10-24 21:24:39 INFO  PageRegistrationUser: Выбор уровня языка - средний
2024-10-24 21:24:39 INFO  PageRegistrationUser: Закрытие выпадающего списка с выбором уровня языка
2024-10-24 21:24:39 INFO  PageRegistrationUser: Клик по кнопке 'Зарегистрироваться'
2024-10-24 21:26:58 INFO  PageRegistrationUser: Переход по URL
2024-10-24 21:26:59 INFO  PageRegistrationUser: Ввод имени
2024-10-24 21:26:59 INFO  PageRegistrationUser: Ввод email
2024-10-24 21:26:59 INFO  PageRegistrationUser: Ввод пароля
2024-10-24 21:26:59 INFO  PageRegistrationUser: Ввод повторно пароля
2024-10-24 21:26:59 INFO  PageRegistrationUser: Ввод даты рождения в календарь - 1990-05-30
2024-10-24 21:26:59 INFO  PageRegistrationUser: Клик по выпадающему списку с уровнем языка
2024-10-24 21:26:59 INFO  PageRegistrationUser: Выбор уровня языка - средний
2024-10-24 21:26:59 INFO  PageRegistrationUser: Закрытие выпадающего списка с выбором уровня языка
2024-10-24 21:26:59 INFO  PageRegistrationUser: Клик по кнопке 'Зарегистрироваться'
2024-10-26 17:55:32 INFO  PageRegistrationUser: Переход по URL
2024-10-26 17:55:32 INFO  PageRegistrationUser: Ввод имени
2024-10-26 17:55:32 INFO  PageRegistrationUser: Ввод email
2024-10-26 17:55:32 INFO  PageRegistrationUser: Ввод пароля
2024-10-26 17:55:32 INFO  PageRegistrationUser: Ввод повторно пароля
2024-10-26 17:55:32 INFO  PageRegistrationUser: Ввод даты рождения в календарь - 1990-05-30
2024-10-26 17:55:32 INFO  PageRegistrationUser: Клик по выпадающему списку с уровнем языка
2024-10-26 17:55:32 INFO  PageRegistrationUser: Выбор уровня языка - средний
2024-10-26 17:55:32 INFO  PageRegistrationUser: Закрытие выпадающего списка с выбором уровня языка
2024-10-26 17:55:32 INFO  PageRegistrationUser: Клик по кнопке 'Зарегистрироваться'
2024-10-26 17:56:03 INFO  PageRegistrationUser: Переход по URL
2024-10-26 17:56:03 INFO  PageRegistrationUser: Ввод имени
2024-10-26 17:56:04 INFO  PageRegistrationUser: Ввод email
2024-10-26 17:56:04 INFO  PageRegistrationUser: Ввод пароля
2024-10-26 17:56:04 INFO  PageRegistrationUser: Ввод повторно пароля
2024-10-26 17:56:04 INFO  PageRegistrationUser: Ввод даты рождения в календарь - 1990-05-30
2024-10-26 17:56:04 INFO  PageRegistrationUser: Клик по выпадающему списку с уровнем языка
2024-10-26 17:56:04 INFO  PageRegistrationUser: Выбор уровня языка - средний
2024-10-26 17:56:04 INFO  PageRegistrationUser: Закрытие выпадающего списка с выбором уровня языка
2024-10-26 17:56:04 INFO  PageRegistrationUser: Клик по кнопке 'Зарегистрироваться'
2024-10-26 17:56:42 INFO  PageRegistrationUser: Переход по URL
2024-10-26 17:56:43 INFO  PageRegistrationUser: Ввод имени
2024-10-26 17:56:43 INFO  PageRegistrationUser: Ввод email
2024-10-26 17:56:43 INFO  PageRegistrationUser: Ввод пароля
2024-10-26 17:56:43 INFO  PageRegistrationUser: Ввод повторно пароля
2024-10-26 17:56:43 INFO  PageRegistrationUser: Ввод даты рождения в календарь - 1990-05-30
2024-10-26 17:56:43 INFO  PageRegistrationUser: Клик по выпадающему списку с уровнем языка
2024-10-26 17:56:43 INFO  PageRegistrationUser: Выбор уровня языка - средний
2024-10-26 17:56:43 INFO  PageRegistrationUser: Закрытие выпадающего списка с выбором уровня языка
2024-10-26 17:56:43 INFO  PageRegistrationUser: Клик по кнопке 'Зарегистрироваться'
